{
  "RSpec": {
    "coverage": {
      "/home/ryanhburbank/Desktop/ruby/poodr/bicycle/app/gear.rb": [
        1,
        1,
        null,
        1,
        8,
        8,
        null,
        null,
        1,
        3,
        null,
        null
      ],
      "/home/ryanhburbank/Desktop/ruby/poodr/bicycle/app/wheel.rb": [
        1,
        1,
        null,
        1,
        9,
        9,
        null,
        null,
        1,
        4,
        null,
        null,
        1,
        1,
        null,
        null
      ],
      "/home/ryanhburbank/Desktop/ruby/poodr/bicycle/app/bicycle.rb": [
        1,
        1,
        null,
        1,
        1,
        null,
        1,
        4,
        4,
        null,
        null,
        1,
        2,
        null,
        null,
        1,
        2,
        null,
        null,
        1,
        2,
        null,
        null
      ],
      "/home/ryanhburbank/Desktop/ruby/poodr/bicycle/spec/gear_spec.rb": [
        1,
        null,
        1,
        5,
        1,
        1,
        1,
        null,
        null,
        1,
        1,
        null,
        null,
        1,
        1,
        null,
        null,
        1,
        1,
        1,
        null,
        null,
        null,
        null
      ],
      "/home/ryanhburbank/Desktop/ruby/poodr/bicycle/spec/wheel_spec.rb": [
        1,
        null,
        1,
        6,
        null,
        1,
        1,
        1,
        null,
        null,
        1,
        1,
        null,
        null,
        1,
        1,
        null,
        null,
        null,
        1,
        1,
        1,
        null,
        null,
        null,
        1,
        1,
        1,
        null,
        null,
        null
      ]
    },
    "timestamp": 1391646186
  }
}
