{
  "RSpec": {
    "coverage": {
      "/home/ryanhburbank/Desktop/ruby/poodr/bicycle/app/gear.rb": [
        1,
        1,
        null,
        1,
        14,
        14,
        14,
        null,
        null,
        1,
        5,
        null,
        null,
        1,
        null,
        1,
        14,
        null,
        null
      ],
      "/home/ryanhburbank/Desktop/ruby/poodr/bicycle/app/wheel.rb": [
        1,
        1,
        null,
        1,
        15,
        15,
        null,
        null,
        1,
        7,
        null,
        null,
        1,
        2,
        null,
        null
      ],
      "/home/ryanhburbank/Desktop/ruby/poodr/bicycle/app/bicycle.rb": [
        1,
        1,
        null,
        1,
        1,
        null,
        1,
        7,
        7,
        7,
        null,
        null,
        1,
        3,
        null,
        null,
        1,
        null,
        1,
        3,
        null,
        null,
        1,
        3,
        null,
        null,
        1,
        7,
        null,
        null
      ],
      "/home/ryanhburbank/Desktop/ruby/poodr/bicycle/spec/gear_spec.rb": [
        1,
        null,
        1,
        5,
        4,
        1,
        1,
        1,
        1,
        null,
        null,
        1,
        1,
        null,
        null,
        1,
        1,
        1,
        null,
        null,
        1,
        1,
        null,
        null,
        1,
        1,
        1,
        1,
        null,
        null,
        null,
        null
      ],
      "/home/ryanhburbank/Desktop/ruby/poodr/bicycle/spec/wheel_spec.rb": [
        1,
        null,
        1,
        6,
        4,
        null,
        1,
        1,
        1,
        null,
        null,
        1,
        1,
        null,
        null,
        1,
        1,
        null,
        null,
        1,
        1,
        1,
        null,
        null,
        null,
        1,
        1,
        1,
        1,
        null,
        null,
        null,
        1,
        1,
        1,
        1,
        null,
        null,
        null
      ]
    },
    "timestamp": 1391647417
  }
}
